Deliver/instant_deliver/build/outputs/logs/manifest-merger-debug-report.txt
-- Merging decision tree log ---
manifest
ADDED from src\main\AndroidManifest.xml:2:1-129:12
	package
		ADDED from src\main\AndroidManifest.xml:4:5-42
		INJECTED from src\main\AndroidManifest.xml
		INJECTED from src\main\AndroidManifest.xml
	android:versionName
		INJECTED from src\main\AndroidManifest.xml
		INJECTED from src\main\AndroidManifest.xml
	xmlns:tools
		ADDED from src\main\AndroidManifest.xml:3:5-51
	xmlns:android
		ADDED from src\main\AndroidManifest.xml:2:11-69
	android:versionCode
		INJECTED from src\main\AndroidManifest.xml
		INJECTED from src\main\AndroidManifest.xml
uses-permission#android.permission.ACCESS_COARSE_LOCATION
ADDED from src\main\AndroidManifest.xml:7:5-81
MERGED from [com.hyphenate:hyphenate-sdk:3.3.0] AndroidManifest.xml:13:5-81
	android:name
		ADDED from src\main\AndroidManifest.xml:7:22-78
uses-permission#android.permission.ACCESS_FINE_LOCATION
ADDED from src\main\AndroidManifest.xml:9:5-79
MERGED from [com.hyphenate:hyphenate-sdk:3.3.0] AndroidManifest.xml:14:5-79
	android:name
		ADDED from src\main\AndroidManifest.xml:9:22-76
uses-permission#android.permission.ACCESS_NETWORK_STATE
ADDED from src\main\AndroidManifest.xml:11:5-79
	android:name
		ADDED from src\main\AndroidManifest.xml:11:22-76
uses-permission#android.permission.ACCESS_WIFI_STATE
ADDED from src\main\AndroidManifest.xml:13:5-76
MERGED from [com.hyphenate:hyphenate-sdk:3.3.0] AndroidManifest.xml:15:5-76
	android:name
		ADDED from src\main\AndroidManifest.xml:13:22-73
uses-permission#android.permission.CHANGE_WIFI_STATE
ADDED from src\main\AndroidManifest.xml:15:5-76
	android:name
		ADDED from src\main\AndroidManifest.xml:15:22-73
uses-permission#android.permission.INTERNET
ADDED from src\main\AndroidManifest.xml:17:5-67
	android:name
		ADDED from src\main\AndroidManifest.xml:17:22-64
uses-permission#android.permission.READ_PHONE_STATE
ADDED from src\main\AndroidManifest.xml:19:5-75
	android:name
		ADDED from src\main\AndroidManifest.xml:19:22-72
uses-permission#android.permission.WRITE_EXTERNAL_STORAGE
ADDED from src\main\AndroidManifest.xml:21:5-81
	android:name
		ADDED from src\main\AndroidManifest.xml:21:22-78
uses-permission#android.permission.ACCESS_LOCATION_EXTRA_COMMANDS
ADDED from src\main\AndroidManifest.xml:23:5-89
	android:name
		ADDED from src\main\AndroidManifest.xml:23:22-86
uses-permission#android.permission.BLUETOOTH
ADDED from src\main\AndroidManifest.xml:25:5-68
	android:name
		ADDED from src\main\AndroidManifest.xml:25:22-65
uses-permission#android.permission.BLUETOOTH_ADMIN
ADDED from src\main\AndroidManifest.xml:26:5-74
	android:name
		ADDED from src\main\AndroidManifest.xml:26:22-71
uses-permission#android.permission.WAKE_LOCK
ADDED from src\main\AndroidManifest.xml:29:5-68
	android:name
		ADDED from src\main\AndroidManifest.xml:29:22-65
uses-permission#android.permission.READ_EXTERNAL_STORAGE
ADDED from src\main\AndroidManifest.xml:31:5-80
	android:name
		ADDED from src\main\AndroidManifest.xml:31:22-77
uses-permission#android.permission.VIBRATE
ADDED from src\main\AndroidManifest.xml:33:5-66
	android:name
		ADDED from src\main\AndroidManifest.xml:33:22-63
uses-permission#android.permission.RECORD_AUDIO
ADDED from src\main\AndroidManifest.xml:34:5-71
	android:name
		ADDED from src\main\AndroidManifest.xml:34:22-68
uses-permission#android.permission.CAMERA
ADDED from src\main\AndroidManifest.xml:35:5-65
	android:name
		ADDED from src\main\AndroidManifest.xml:35:22-62
uses-permission#android.permission.ACCESS_MOCK_LOCATION
ADDED from src\main\AndroidManifest.xml:36:5-37:39
	tools:ignore
		ADDED from src\main\AndroidManifest.xml:37:9-36
	android:name
		ADDED from src\main\AndroidManifest.xml:36:22-76
uses-permission#android.permission.MOUNT_UNMOUNT_FILESYSTEMS
ADDED from src\main\AndroidManifest.xml:38:5-83
	android:name
		ADDED from src\main\AndroidManifest.xml:38:22-81
uses-permission#android.permission.GET_TASKS
ADDED from src\main\AndroidManifest.xml:39:5-68
	android:name
		ADDED from src\main\AndroidManifest.xml:39:22-65
uses-permission#android.permission.MODIFY_AUDIO_SETTINGS
ADDED from src\main\AndroidManifest.xml:41:5-80
	android:name
		ADDED from src\main\AndroidManifest.xml:41:22-77
uses-permission#android.permission.RECEIVE_BOOT_COMPLETED
ADDED from src\main\AndroidManifest.xml:42:5-81
	android:name
		ADDED from src\main\AndroidManifest.xml:42:22-78
application
ADDED from src\main\AndroidManifest.xml:44:5-127:19
MERGED from [com.android.support:appcompat-v7:25.3.1] AndroidManifest.xml:29:5-20
MERGED from [com.android.support:support-v4:25.3.1] AndroidManifest.xml:29:5-20
MERGED from [com.android.support:support-compat:25.3.1] AndroidManifest.xml:29:5-20
MERGED from [com.android.support:support-media-compat:25.3.1] AndroidManifest.xml:29:5-20
MERGED from [com.android.support:support-core-utils:25.3.1] AndroidManifest.xml:29:5-20
MERGED from [com.android.support:support-core-ui:25.3.1] AndroidManifest.xml:29:5-20
MERGED from [com.android.support:support-fragment:25.3.1] AndroidManifest.xml:29:5-20
MERGED from [com.android.support:support-vector-drawable:25.3.1] AndroidManifest.xml:26:5-20
MERGED from [com.android.support:animated-vector-drawable:25.3.1] AndroidManifest.xml:26:5-20
MERGED from [com.astuetz:pagerslidingtabstrip:1.0.1] AndroidManifest.xml:4:5-19
MERGED from [cn.bmob.android:bmob-sdk:3.5.5] AndroidManifest.xml:11:5-14:19
MERGED from [com.android.support:cardview-v7:25.3.1] AndroidManifest.xml:26:5-20
MERGED from [com.android.support:design:25.3.1] AndroidManifest.xml:29:5-20
MERGED from [com.android.support:transition:25.3.1] AndroidManifest.xml:26:5-20
MERGED from [com.google.android.gms:play-services-appindexing:8.4.0] AndroidManifest.xml:19:5-20
MERGED from [com.google.android.gms:play-services-basement:8.4.0] AndroidManifest.xml:20:5-24:19
MERGED from [Deliver:pulltorefresh:unspecified] AndroidManifest.xml:11:5-20
	android:label
		ADDED from src\main\AndroidManifest.xml:47:9-41
	android:supportsRtl
		ADDED from src\main\AndroidManifest.xml:48:9-35
	android:allowBackup
		ADDED from src\main\AndroidManifest.xml:45:9-35
	android:icon
		ADDED from src\main\AndroidManifest.xml:46:9-38
	android:theme
		ADDED from src\main\AndroidManifest.xml:49:9-40
meta-data#com.amap.api.v2.apikey
ADDED from src\main\AndroidManifest.xml:52:9-54:64
	android:value
		ADDED from src\main\AndroidManifest.xml:54:13-61
	android:name
		ADDED from src\main\AndroidManifest.xml:53:13-50
service#com.amap.api.location.APSService
ADDED from src\main\AndroidManifest.xml:57:9-68
	android:name
		ADDED from src\main\AndroidManifest.xml:57:18-65
activity#com.example.instant_deliver.LocationActivity
ADDED from src\main\AndroidManifest.xml:59:9-54
	android:name
		ADDED from src\main\AndroidManifest.xml:59:19-51
activity#com.example.instant_deliver.MainActivity
ADDED from src\main\AndroidManifest.xml:60:9-50
	android:name
		ADDED from src\main\AndroidManifest.xml:60:19-47
activity#com.example.instant_deliver.LoginActivity
ADDED from src\main\AndroidManifest.xml:61:9-67:20
	android:name
		ADDED from src\main\AndroidManifest.xml:61:19-48
intent-filter#android.intent.action.MAIN+android.intent.category.LAUNCHER
ADDED from src\main\AndroidManifest.xml:62:13-66:29
action#android.intent.action.MAIN
ADDED from src\main\AndroidManifest.xml:63:17-69
	android:name
		ADDED from src\main\AndroidManifest.xml:63:25-66
category#android.intent.category.LAUNCHER
ADDED from src\main\AndroidManifest.xml:65:17-77
	android:name
		ADDED from src\main\AndroidManifest.xml:65:27-74
activity#com.example.instant_deliver.RegistActivity
ADDED from src\main\AndroidManifest.xml:68:9-52
	android:name
		ADDED from src\main\AndroidManifest.xml:68:19-49
activity#com.example.instant_deliver.FindBackActivity
ADDED from src\main\AndroidManifest.xml:69:9-54
	android:name
		ADDED from src\main\AndroidManifest.xml:69:19-51
activity#com.example.instant_deliver.putActivity
ADDED from src\main\AndroidManifest.xml:70:9-49
	android:name
		ADDED from src\main\AndroidManifest.xml:70:19-46
activity#com.example.instant_deliver.BindActivity
ADDED from src\main\AndroidManifest.xml:71:9-73
	android:exported
		ADDED from src\main\AndroidManifest.xml:71:48-71
	android:name
		ADDED from src\main\AndroidManifest.xml:71:19-47
activity#com.example.instant_deliver.UpdateuserActivity
ADDED from src\main\AndroidManifest.xml:72:9-56
	android:name
		ADDED from src\main\AndroidManifest.xml:72:19-53
activity#com.example.instant_deliver.UpdateSingnatureActivity
ADDED from src\main\AndroidManifest.xml:73:9-62
	android:name
		ADDED from src\main\AndroidManifest.xml:73:19-59
activity#com.example.instant_deliver.bindphoneActivity
ADDED from src\main\AndroidManifest.xml:74:9-55
	android:name
		ADDED from src\main\AndroidManifest.xml:74:19-52
activity#com.example.instant_deliver.UnbindActivity
ADDED from src\main\AndroidManifest.xml:75:9-52
	android:name
		ADDED from src\main\AndroidManifest.xml:75:19-49
activity#com.example.instant_deliver.addressActivity
ADDED from src\main\AndroidManifest.xml:76:9-53
	android:name
		ADDED from src\main\AndroidManifest.xml:76:19-50
activity#com.yalantis.ucrop.UCropActivity
ADDED from src\main\AndroidManifest.xml:77:9-79:71
	android:theme
		ADDED from src\main\AndroidManifest.xml:79:13-69
	android:name
		ADDED from src\main\AndroidManifest.xml:78:13-60
meta-data#com.google.android.gms.version
ADDED from src\main\AndroidManifest.xml:84:9-86:69
MERGED from [com.google.android.gms:play-services-basement:8.4.0] AndroidManifest.xml:21:9-23:69
	android:value
		ADDED from src\main\AndroidManifest.xml:86:13-66
	android:name
		ADDED from src\main\AndroidManifest.xml:85:13-58
activity#com.example.instant_deliver.getLocationActivity
ADDED from src\main\AndroidManifest.xml:88:9-57
	android:name
		ADDED from src\main\AndroidManifest.xml:88:19-54
activity#com.example.instant_deliver.showAddressActivity
ADDED from src\main\AndroidManifest.xml:89:9-57
	android:name
		ADDED from src\main\AndroidManifest.xml:89:19-54
meta-data#EASEMOB_APPKEY
ADDED from src\main\AndroidManifest.xml:93:9-95:64
	android:value
		ADDED from src\main\AndroidManifest.xml:95:13-61
	android:name
		ADDED from src\main\AndroidManifest.xml:94:13-42
service#com.hyphenate.chat.EMChatService
ADDED from src\main\AndroidManifest.xml:97:9-99:39
	android:exported
		ADDED from src\main\AndroidManifest.xml:99:13-36
	android:name
		ADDED from src\main\AndroidManifest.xml:98:13-60
service#com.hyphenate.chat.EMJobService
ADDED from src\main\AndroidManifest.xml:100:9-103:72
	android:exported
		ADDED from src\main\AndroidManifest.xml:102:13-36
	android:permission
		ADDED from src\main\AndroidManifest.xml:103:13-69
	android:name
		ADDED from src\main\AndroidManifest.xml:101:13-59
receiver#com.hyphenate.chat.EMMonitorReceiver
ADDED from src\main\AndroidManifest.xml:105:9-115:20
	android:name
		ADDED from src\main\AndroidManifest.xml:105:19-70
intent-filter#android.intent.action.PACKAGE_REMOVED
ADDED from src\main\AndroidManifest.xml:106:13-109:29
action#android.intent.action.PACKAGE_REMOVED
ADDED from src\main\AndroidManifest.xml:107:17-80
	android:name
		ADDED from src\main\AndroidManifest.xml:107:25-77
data
ADDED from src\main\AndroidManifest.xml:108:17-50
	android:scheme
		ADDED from src\main\AndroidManifest.xml:108:23-47
intent-filter#android.intent.action.BOOT_COMPLETED+android.intent.action.USER_PRESENT
ADDED from src\main\AndroidManifest.xml:111:13-114:29
action#android.intent.action.BOOT_COMPLETED
ADDED from src\main\AndroidManifest.xml:112:17-79
	android:name
		ADDED from src\main\AndroidManifest.xml:112:25-76
action#android.intent.action.USER_PRESENT
ADDED from src\main\AndroidManifest.xml:113:17-77
	android:name
		ADDED from src\main\AndroidManifest.xml:113:25-74
provider#android.support.v4.content.FileProvider
ADDED from src\main\AndroidManifest.xml:117:9-126:20
	android:authorities
		ADDED from src\main\AndroidManifest.xml:119:13-75
	android:grantUriPermissions
		ADDED from src\main\AndroidManifest.xml:121:13-47
	android:exported
		ADDED from src\main\AndroidManifest.xml:120:13-37
	android:name
		ADDED from src\main\AndroidManifest.xml:118:13-67
meta-data#android.support.FILE_PROVIDER_PATHS
ADDED from src\main\AndroidManifest.xml:122:13-125:25
	android:resource
		ADDED from src\main\AndroidManifest.xml:124:17-55
	android:name
		ADDED from src\main\AndroidManifest.xml:123:17-67
uses-sdk
INJECTED from src\main\AndroidManifest.xml reason: use-sdk injection requested
MERGED from [com.yalantis:ucrop:1.4.1] AndroidManifest.xml:8:5-10:41
MERGED from [com.android.support:appcompat-v7:25.3.1] AndroidManifest.xml:21:5-23:78
MERGED from [com.android.support:support-v4:25.3.1] AndroidManifest.xml:21:5-23:54
MERGED from [com.android.support:support-compat:25.3.1] AndroidManifest.xml:21:5-23:58
MERGED from [com.android.support:support-media-compat:25.3.1] AndroidManifest.xml:21:5-23:63
MERGED from [com.android.support:support-core-utils:25.3.1] AndroidManifest.xml:21:5-23:61
MERGED from [com.android.support:support-core-ui:25.3.1] AndroidManifest.xml:21:5-23:58
MERGED from [com.android.support:support-fragment:25.3.1] AndroidManifest.xml:21:5-23:60
MERGED from [com.android.support:support-vector-drawable:25.3.1] AndroidManifest.xml:20:5-43
MERGED from [com.android.support:animated-vector-drawable:25.3.1] AndroidManifest.xml:20:5-44
MERGED from [com.astuetz:pagerslidingtabstrip:1.0.1] AndroidManifest.xml:2:5-72
MERGED from [cn.bmob.android:bmob-sdk:3.5.5] AndroidManifest.xml:7:5-9:41
MERGED from [com.android.support:cardview-v7:25.3.1] AndroidManifest.xml:20:5-43
MERGED from [com.android.support:design:25.3.1] AndroidManifest.xml:21:5-23:62
MERGED from [com.android.support:recyclerview-v7:25.3.1] AndroidManifest.xml:20:5-43
MERGED from [com.android.support:transition:25.3.1] AndroidManifest.xml:20:5-44
MERGED from [com.google.android.gms:play-services-appindexing:8.4.0] AndroidManifest.xml:18:5-42
MERGED from [com.google.android.gms:play-services-base:8.4.0] AndroidManifest.xml:18:5-42
MERGED from [com.google.android.gms:play-services-basement:8.4.0] AndroidManifest.xml:18:5-42
MERGED from [com.hyphenate:hyphenate-sdk:3.3.0] AndroidManifest.xml:8:5-11:39
MERGED from [Deliver:pulltorefresh:unspecified] AndroidManifest.xml:7:5-9:40
	tools:overrideLibrary
		ADDED from [com.android.support:appcompat-v7:25.3.1] AndroidManifest.xml:23:9-75
	android:targetSdkVersion
		INJECTED from src\main\AndroidManifest.xml
		INJECTED from src\main\AndroidManifest.xml
	tools:ignore
		ADDED from [com.hyphenate:hyphenate-sdk:3.3.0] AndroidManifest.xml:11:9-36
	android:minSdkVersion
		INJECTED from src\main\AndroidManifest.xml
		INJECTED from src\main\AndroidManifest.xml
meta-data#android.support.VERSION
ADDED from [com.android.support:appcompat-v7:25.3.1] AndroidManifest.xml:25:5-27:34
MERGED from [com.android.support:support-v4:25.3.1] AndroidManifest.xml:25:5-27:34
MERGED from [com.android.support:support-compat:25.3.1] AndroidManifest.xml:25:5-27:34
MERGED from [com.android.support:support-media-compat:25.3.1] AndroidManifest.xml:25:5-27:34
MERGED from [com.android.support:support-core-utils:25.3.1] AndroidManifest.xml:25:5-27:34
MERGED from [com.android.support:support-core-ui:25.3.1] AndroidManifest.xml:25:5-27:34
MERGED from [com.android.support:support-fragment:25.3.1] AndroidManifest.xml:25:5-27:34
MERGED from [com.android.support:support-vector-drawable:25.3.1] AndroidManifest.xml:22:5-24:34
MERGED from [com.android.support:animated-vector-drawable:25.3.1] AndroidManifest.xml:22:5-24:34
MERGED from [com.android.support:cardview-v7:25.3.1] AndroidManifest.xml:22:5-24:34
MERGED from [com.android.support:design:25.3.1] AndroidManifest.xml:25:5-27:34
MERGED from [com.android.support:recyclerview-v7:25.3.1] AndroidManifest.xml:22:5-24:34
MERGED from [com.android.support:transition:25.3.1] AndroidManifest.xml:22:5-24:34
	android:value
		ADDED from [com.android.support:appcompat-v7:25.3.1] AndroidManifest.xml:27:9-31
	android:name
		ADDED from [com.android.support:appcompat-v7:25.3.1] AndroidManifest.xml:26:9-47